{"/Users/benscott/Projects/js-tech-tests/hoover-test/app.js": {"path":"/Users/benscott/Projects/js-tech-tests/hoover-test/app.js","statementMap":{"0":{"start":{"line":1,"column":15},"end":{"line":1,"column":44}},"1":{"start":{"line":2,"column":19},"end":{"line":2,"column":46}},"2":{"start":{"line":5,"column":22},"end":{"line":5,"column":46}},"3":{"start":{"line":6,"column":25},"end":{"line":6,"column":54}},"4":{"start":{"line":7,"column":20},"end":{"line":7,"column":58}},"5":{"start":{"line":8,"column":2},"end":{"line":8,"column":26}},"6":{"start":{"line":9,"column":2},"end":{"line":9,"column":20}},"7":{"start":{"line":12,"column":0},"end":{"line":16,"column":1}},"8":{"start":{"line":13,"column":2},"end":{"line":13,"column":9}},"9":{"start":{"line":15,"column":2},"end":{"line":15,"column":24}}},"fnMap":{"0":{"name":"start","decl":{"start":{"line":4,"column":15},"end":{"line":4,"column":20}},"loc":{"start":{"line":4,"column":89},"end":{"line":10,"column":1}},"line":4}},"branchMap":{"0":{"loc":{"start":{"line":4,"column":22},"end":{"line":4,"column":41}},"type":"default-arg","locations":[{"start":{"line":4,"column":30},"end":{"line":4,"column":41}}],"line":4},"1":{"loc":{"start":{"line":4,"column":42},"end":{"line":4,"column":62}},"type":"default-arg","locations":[{"start":{"line":4,"column":56},"end":{"line":4,"column":62}}],"line":4},"2":{"loc":{"start":{"line":4,"column":64},"end":{"line":4,"column":87}},"type":"default-arg","locations":[{"start":{"line":4,"column":77},"end":{"line":4,"column":87}}],"line":4},"3":{"loc":{"start":{"line":12,"column":0},"end":{"line":16,"column":1}},"type":"if","locations":[{"start":{"line":12,"column":0},"end":{"line":16,"column":1}},{"start":{"line":12,"column":0},"end":{"line":16,"column":1}}],"line":12}},"s":{"0":1,"1":1,"2":1,"3":1,"4":1,"5":1,"6":1,"7":1,"8":0,"9":1},"f":{"0":1},"b":{"0":[0],"1":[1],"2":[1],"3":[0,1]},"_coverageSchema":"43e27e138ebf9cfc5966b082cf9a028302ed4184","hash":"be476be84f0a82a8e51c275d992750a2f5b898a4"}
,"/Users/benscott/Projects/js-tech-tests/hoover-test/src/controller.js": {"path":"/Users/benscott/Projects/js-tech-tests/hoover-test/src/controller.js","statementMap":{"0":{"start":{"line":1,"column":15},"end":{"line":1,"column":34}},"1":{"start":{"line":3,"column":0},"end":{"line":16,"column":2}},"2":{"start":{"line":5,"column":4},"end":{"line":6,"column":58}},"3":{"start":{"line":7,"column":4},"end":{"line":7,"column":65}},"4":{"start":{"line":11,"column":4},"end":{"line":13,"column":7}},"5":{"start":{"line":12,"column":6},"end":{"line":12,"column":34}},"6":{"start":{"line":14,"column":4},"end":{"line":14,"column":45}}},"fnMap":{"0":{"name":"(anonymous_0)","decl":{"start":{"line":4,"column":2},"end":{"line":4,"column":3}},"loc":{"start":{"line":4,"column":46},"end":{"line":8,"column":3}},"line":4},"1":{"name":"(anonymous_1)","decl":{"start":{"line":10,"column":2},"end":{"line":10,"column":3}},"loc":{"start":{"line":10,"column":24},"end":{"line":15,"column":3}},"line":10},"2":{"name":"(anonymous_2)","decl":{"start":{"line":11,"column":37},"end":{"line":11,"column":38}},"loc":{"start":{"line":11,"column":52},"end":{"line":13,"column":5}},"line":11}},"branchMap":{"0":{"loc":{"start":{"line":4,"column":29},"end":{"line":4,"column":44}},"type":"default-arg","locations":[{"start":{"line":4,"column":38},"end":{"line":4,"column":44}}],"line":4}},"s":{"0":2,"1":2,"2":3,"3":3,"4":2,"5":22,"6":2},"f":{"0":3,"1":2,"2":22},"b":{"0":[1]},"_coverageSchema":"43e27e138ebf9cfc5966b082cf9a028302ed4184","hash":"1a7f98ca7f3e5f9697d85a624a7f12666e40e51f"}
,"/Users/benscott/Projects/js-tech-tests/hoover-test/src/hoover.js": {"path":"/Users/benscott/Projects/js-tech-tests/hoover-test/src/hoover.js","statementMap":{"0":{"start":{"line":2,"column":0},"end":{"line":62,"column":2}},"1":{"start":{"line":4,"column":4},"end":{"line":4,"column":29}},"2":{"start":{"line":5,"column":4},"end":{"line":5,"column":29}},"3":{"start":{"line":6,"column":4},"end":{"line":6,"column":37}},"4":{"start":{"line":7,"column":4},"end":{"line":7,"column":24}},"5":{"start":{"line":12,"column":4},"end":{"line":28,"column":5}},"6":{"start":{"line":14,"column":8},"end":{"line":14,"column":46}},"7":{"start":{"line":15,"column":8},"end":{"line":15,"column":14}},"8":{"start":{"line":17,"column":8},"end":{"line":17,"column":46}},"9":{"start":{"line":18,"column":8},"end":{"line":18,"column":14}},"10":{"start":{"line":20,"column":8},"end":{"line":20,"column":46}},"11":{"start":{"line":21,"column":8},"end":{"line":21,"column":14}},"12":{"start":{"line":23,"column":8},"end":{"line":23,"column":46}},"13":{"start":{"line":24,"column":8},"end":{"line":24,"column":14}},"14":{"start":{"line":26,"column":8},"end":{"line":26,"column":66}},"15":{"start":{"line":27,"column":8},"end":{"line":27,"column":14}},"16":{"start":{"line":29,"column":4},"end":{"line":29,"column":24}},"17":{"start":{"line":30,"column":4},"end":{"line":30,"column":21}},"18":{"start":{"line":34,"column":4},"end":{"line":34,"column":99}},"19":{"start":{"line":34,"column":67},"end":{"line":34,"column":97}},"20":{"start":{"line":35,"column":4},"end":{"line":35,"column":25}},"21":{"start":{"line":39,"column":4},"end":{"line":39,"column":77}},"22":{"start":{"line":39,"column":45},"end":{"line":39,"column":75}},"23":{"start":{"line":40,"column":4},"end":{"line":40,"column":25}},"24":{"start":{"line":44,"column":4},"end":{"line":44,"column":61}},"25":{"start":{"line":44,"column":38},"end":{"line":44,"column":61}},"26":{"start":{"line":46,"column":4},"end":{"line":51,"column":7}},"27":{"start":{"line":47,"column":6},"end":{"line":50,"column":7}},"28":{"start":{"line":48,"column":8},"end":{"line":48,"column":30}},"29":{"start":{"line":49,"column":8},"end":{"line":49,"column":29}},"30":{"start":{"line":52,"column":4},"end":{"line":52,"column":27}},"31":{"start":{"line":56,"column":4},"end":{"line":56,"column":52}},"32":{"start":{"line":60,"column":4},"end":{"line":60,"column":60}}},"fnMap":{"0":{"name":"(anonymous_0)","decl":{"start":{"line":3,"column":2},"end":{"line":3,"column":3}},"loc":{"start":{"line":3,"column":48},"end":{"line":8,"column":3}},"line":3},"1":{"name":"(anonymous_1)","decl":{"start":{"line":10,"column":2},"end":{"line":10,"column":3}},"loc":{"start":{"line":10,"column":18},"end":{"line":31,"column":3}},"line":10},"2":{"name":"(anonymous_2)","decl":{"start":{"line":33,"column":2},"end":{"line":33,"column":3}},"loc":{"start":{"line":33,"column":30},"end":{"line":36,"column":3}},"line":33},"3":{"name":"(anonymous_3)","decl":{"start":{"line":38,"column":2},"end":{"line":38,"column":3}},"loc":{"start":{"line":38,"column":30},"end":{"line":41,"column":3}},"line":38},"4":{"name":"(anonymous_4)","decl":{"start":{"line":43,"column":2},"end":{"line":43,"column":3}},"loc":{"start":{"line":43,"column":17},"end":{"line":53,"column":3}},"line":43},"5":{"name":"(anonymous_5)","decl":{"start":{"line":46,"column":30},"end":{"line":46,"column":31}},"loc":{"start":{"line":46,"column":51},"end":{"line":51,"column":5}},"line":46},"6":{"name":"(anonymous_6)","decl":{"start":{"line":55,"column":2},"end":{"line":55,"column":3}},"loc":{"start":{"line":55,"column":27},"end":{"line":57,"column":3}},"line":55},"7":{"name":"(anonymous_7)","decl":{"start":{"line":59,"column":2},"end":{"line":59,"column":3}},"loc":{"start":{"line":59,"column":30},"end":{"line":61,"column":3}},"line":59}},"branchMap":{"0":{"loc":{"start":{"line":12,"column":4},"end":{"line":28,"column":5}},"type":"switch","locations":[{"start":{"line":13,"column":6},"end":{"line":15,"column":14}},{"start":{"line":16,"column":6},"end":{"line":18,"column":14}},{"start":{"line":19,"column":6},"end":{"line":21,"column":14}},{"start":{"line":22,"column":6},"end":{"line":24,"column":14}},{"start":{"line":25,"column":6},"end":{"line":27,"column":14}}],"line":12},"1":{"loc":{"start":{"line":34,"column":4},"end":{"line":34,"column":99}},"type":"if","locations":[{"start":{"line":34,"column":4},"end":{"line":34,"column":99}},{"start":{"line":34,"column":4},"end":{"line":34,"column":99}}],"line":34},"2":{"loc":{"start":{"line":39,"column":4},"end":{"line":39,"column":77}},"type":"if","locations":[{"start":{"line":39,"column":4},"end":{"line":39,"column":77}},{"start":{"line":39,"column":4},"end":{"line":39,"column":77}}],"line":39},"3":{"loc":{"start":{"line":44,"column":4},"end":{"line":44,"column":61}},"type":"if","locations":[{"start":{"line":44,"column":4},"end":{"line":44,"column":61}},{"start":{"line":44,"column":4},"end":{"line":44,"column":61}}],"line":44},"4":{"loc":{"start":{"line":47,"column":6},"end":{"line":50,"column":7}},"type":"if","locations":[{"start":{"line":47,"column":6},"end":{"line":50,"column":7}},{"start":{"line":47,"column":6},"end":{"line":50,"column":7}}],"line":47},"5":{"loc":{"start":{"line":47,"column":10},"end":{"line":47,"column":78}},"type":"binary-expr","locations":[{"start":{"line":47,"column":10},"end":{"line":47,"column":42}},{"start":{"line":47,"column":46},"end":{"line":47,"column":78}}],"line":47}},"s":{"0":3,"1":15,"2":15,"3":15,"4":15,"5":16,"6":4,"7":4,"8":3,"9":3,"10":4,"11":4,"12":4,"13":4,"14":1,"15":1,"16":16,"17":16,"18":10,"19":9,"20":10,"21":9,"22":8,"23":9,"24":19,"25":1,"26":18,"27":38,"28":2,"29":2,"30":18,"31":3,"32":2},"f":{"0":15,"1":16,"2":10,"3":9,"4":19,"5":38,"6":3,"7":2},"b":{"0":[4,3,4,4,1],"1":[9,1],"2":[8,1],"3":[1,18],"4":[2,36],"5":[38,10]},"_coverageSchema":"43e27e138ebf9cfc5966b082cf9a028302ed4184","hash":"0f31b68e5efdd909502c1c3d415b2fd988c58885"}
,"/Users/benscott/Projects/js-tech-tests/hoover-test/src/input-parser.js": {"path":"/Users/benscott/Projects/js-tech-tests/hoover-test/src/input-parser.js","statementMap":{"0":{"start":{"line":2,"column":11},"end":{"line":2,"column":24}},"1":{"start":{"line":3,"column":17},"end":{"line":3,"column":36}},"2":{"start":{"line":4,"column":13},"end":{"line":4,"column":28}},"3":{"start":{"line":6,"column":0},"end":{"line":35,"column":2}},"4":{"start":{"line":7,"column":19},"end":{"line":7,"column":59}},"5":{"start":{"line":8,"column":21},"end":{"line":8,"column":50}},"6":{"start":{"line":9,"column":23},"end":{"line":14,"column":3}},"7":{"start":{"line":15,"column":13},"end":{"line":18,"column":4}},"8":{"start":{"line":19,"column":14},"end":{"line":19,"column":15}},"9":{"start":{"line":21,"column":2},"end":{"line":32,"column":3}},"10":{"start":{"line":22,"column":4},"end":{"line":30,"column":5}},"11":{"start":{"line":23,"column":6},"end":{"line":23,"column":69}},"12":{"start":{"line":24,"column":11},"end":{"line":30,"column":5}},"13":{"start":{"line":25,"column":6},"end":{"line":25,"column":75}},"14":{"start":{"line":26,"column":11},"end":{"line":30,"column":5}},"15":{"start":{"line":27,"column":6},"end":{"line":27,"column":56}},"16":{"start":{"line":29,"column":6},"end":{"line":29,"column":77}},"17":{"start":{"line":31,"column":4},"end":{"line":31,"column":12}},"18":{"start":{"line":34,"column":2},"end":{"line":34,"column":22}}},"fnMap":{"0":{"name":"(anonymous_0)","decl":{"start":{"line":6,"column":17},"end":{"line":6,"column":18}},"loc":{"start":{"line":6,"column":40},"end":{"line":35,"column":1}},"line":6}},"branchMap":{"0":{"loc":{"start":{"line":22,"column":4},"end":{"line":30,"column":5}},"type":"if","locations":[{"start":{"line":22,"column":4},"end":{"line":30,"column":5}},{"start":{"line":22,"column":4},"end":{"line":30,"column":5}}],"line":22},"1":{"loc":{"start":{"line":24,"column":11},"end":{"line":30,"column":5}},"type":"if","locations":[{"start":{"line":24,"column":11},"end":{"line":30,"column":5}},{"start":{"line":24,"column":11},"end":{"line":30,"column":5}}],"line":24},"2":{"loc":{"start":{"line":26,"column":11},"end":{"line":30,"column":5}},"type":"if","locations":[{"start":{"line":26,"column":11},"end":{"line":30,"column":5}},{"start":{"line":26,"column":11},"end":{"line":30,"column":5}}],"line":26}},"s":{"0":2,"1":2,"2":2,"3":2,"4":2,"5":2,"6":2,"7":2,"8":2,"9":2,"10":12,"11":2,"12":10,"13":2,"14":8,"15":2,"16":6,"17":12,"18":2},"f":{"0":2},"b":{"0":[2,10],"1":[2,8],"2":[2,6]},"_coverageSchema":"43e27e138ebf9cfc5966b082cf9a028302ed4184","hash":"e43f40628e0b28080539ae1bf587b8f99ee0647e"}
}
