TN:
SF:/Users/benscott/Projects/js-tech-tests/hoover-test/app.js
FN:1,start
FNF:1
FNH:0
FNDA:0,start
DA:2,0
DA:3,0
DA:4,0
DA:5,0
DA:6,0
LF:5
LH:0
BRDA:1,0,0,0
BRDA:1,1,0,0
BRDA:1,2,0,0
BRF:3
BRH:0
end_of_record
TN:
SF:/Users/benscott/Projects/js-tech-tests/hoover-test/src/input-parser.js
FN:6,(anonymous_0)
FNF:1
FNH:1
FNDA:1,(anonymous_0)
DA:2,1
DA:3,1
DA:4,1
DA:6,1
DA:7,1
DA:8,1
DA:9,1
DA:15,1
DA:19,1
DA:21,1
DA:22,6
DA:23,1
DA:24,5
DA:25,1
DA:26,4
DA:27,1
DA:29,3
DA:31,6
DA:34,1
LF:19
LH:19
BRDA:22,0,0,1
BRDA:22,0,1,5
BRDA:24,1,0,1
BRDA:24,1,1,4
BRDA:26,2,0,1
BRDA:26,2,1,3
BRF:6
BRH:6
end_of_record
