TN:
SF:/Users/benscott/Projects/js-tech-tests/hoover-test/app.js
FN:4,start
FNF:1
FNH:1
FNDA:1,start
DA:1,1
DA:2,1
DA:5,1
DA:6,1
DA:7,1
DA:8,1
DA:9,1
DA:12,1
DA:13,0
DA:15,1
LF:10
LH:9
BRDA:4,0,0,0
BRDA:4,1,0,1
BRDA:4,2,0,1
BRDA:12,3,0,0
BRDA:12,3,1,1
BRF:5
BRH:3
end_of_record
TN:
SF:/Users/benscott/Projects/js-tech-tests/hoover-test/src/controller.js
FN:4,(anonymous_0)
FN:10,(anonymous_1)
FN:11,(anonymous_2)
FNF:3
FNH:3
FNDA:3,(anonymous_0)
FNDA:2,(anonymous_1)
FNDA:22,(anonymous_2)
DA:1,2
DA:3,2
DA:5,3
DA:7,3
DA:11,2
DA:12,22
DA:14,2
LF:7
LH:7
BRDA:4,0,0,1
BRF:1
BRH:1
end_of_record
TN:
SF:/Users/benscott/Projects/js-tech-tests/hoover-test/src/hoover.js
FN:3,(anonymous_0)
FN:10,(anonymous_1)
FN:33,(anonymous_2)
FN:38,(anonymous_3)
FN:43,(anonymous_4)
FN:46,(anonymous_5)
FN:55,(anonymous_6)
FN:59,(anonymous_7)
FNF:8
FNH:8
FNDA:15,(anonymous_0)
FNDA:16,(anonymous_1)
FNDA:10,(anonymous_2)
FNDA:9,(anonymous_3)
FNDA:19,(anonymous_4)
FNDA:38,(anonymous_5)
FNDA:3,(anonymous_6)
FNDA:2,(anonymous_7)
DA:2,3
DA:4,15
DA:5,15
DA:6,15
DA:7,15
DA:12,16
DA:14,4
DA:15,4
DA:17,3
DA:18,3
DA:20,4
DA:21,4
DA:23,4
DA:24,4
DA:26,1
DA:27,1
DA:29,16
DA:30,16
DA:34,10
DA:35,10
DA:39,9
DA:40,9
DA:44,19
DA:46,18
DA:47,38
DA:48,2
DA:49,2
DA:52,18
DA:56,3
DA:60,2
LF:30
LH:30
BRDA:12,0,0,4
BRDA:12,0,1,3
BRDA:12,0,2,4
BRDA:12,0,3,4
BRDA:12,0,4,1
BRDA:34,1,0,9
BRDA:34,1,1,1
BRDA:39,2,0,8
BRDA:39,2,1,1
BRDA:44,3,0,1
BRDA:44,3,1,18
BRDA:47,4,0,2
BRDA:47,4,1,36
BRDA:47,5,0,38
BRDA:47,5,1,10
BRF:15
BRH:15
end_of_record
TN:
SF:/Users/benscott/Projects/js-tech-tests/hoover-test/src/input-parser.js
FN:6,(anonymous_0)
FNF:1
FNH:1
FNDA:2,(anonymous_0)
DA:2,2
DA:3,2
DA:4,2
DA:6,2
DA:7,2
DA:8,2
DA:9,2
DA:15,2
DA:19,2
DA:21,2
DA:22,12
DA:23,2
DA:24,10
DA:25,2
DA:26,8
DA:27,2
DA:29,6
DA:31,12
DA:34,2
LF:19
LH:19
BRDA:22,0,0,2
BRDA:22,0,1,10
BRDA:24,1,0,2
BRDA:24,1,1,8
BRDA:26,2,0,2
BRDA:26,2,1,6
BRF:6
BRH:6
end_of_record
